Diagnose log at 2024-01-06T09:51:08Z

AppPath: C:\Program Files\Git\mingw64\bin\git-credential-manager.exe
InstallDir: C:\Program Files\Git\mingw64\bin\
Version: 2.0.886+ea93cb5158

------------
Diagnostic: Environment
Skipped: False
Success: True
Exception: None
Log:
OSType: Windows
OSVersion: 10.0 (build 19045)
Reading environment variables... OK
 Variables:
HOMEPATH=\Users\Maxim
DriverData=C:\Windows\System32\Drivers\DriverData
COMPUTERNAME=DESKTOP-E8IS63M
CommonProgramFiles(x86)=C:\Program Files (x86)\Common Files
OneDrive=C:\Users\Maxim\OneDrive - Expleo Italia S.p.A
ChocolateyLastPathUpdate=133226560890092965
WT_PROFILE_ID={61c54bbd-c2c6-5271-96e7-009a87ff44bf}
TMP=C:\Users\Maxim\AppData\Local\Temp
HOME=C:\Users\Maxim
PROCESSOR_REVISION=5e03
PATHEXT=.COM;.EXE;.BAT;.CMD;.VBS;.VBE;.JS;.JSE;.WSF;.WSH;.MSC;.PY;.PYW;.CPL
POWERSHELL_DISTRIBUTION_CHANNEL=MSI:Windows 10 Pro
TEMP=C:\Users\Maxim\AppData\Local\Temp
LOCALAPPDATA=C:\Users\Maxim\AppData\Local
MSYSTEM=MINGW64
TERM=xterm-256color
PROCESSOR_IDENTIFIER=Intel64 Family 6 Model 94 Stepping 3, GenuineIntel
__PSLockDownPolicy=0
COLORTERM=truecolor
JAVA_HOME=C:\Program Files\Java\jdk-17
USERDOMAIN=DESKTOP-E8IS63M
ProgramFiles(x86)=C:\Program Files (x86)
Path=C:/Program Files/Git/mingw64/libexec/git-core;C:\Program Files\Git\mingw64\bin;C:\Program Files\Git\usr\bin;C:\Users\Maxim\bin;C:\Python311\Scripts\;C:\Python311\;C:\Program Files\Common Files\Oracle\Java\javapath;C:\Program Files (x86)\Common Files\Oracle\Java\javapath;C:\Windows\system32;C:\Windows;C:\Windows\System32\Wbem;C:\Windows\System32\WindowsPowerShell\v1.0\;C:\Windows\System32\OpenSSH\;C:\Program Files\Java\jdk-17;C:\Program Files\OpenSSL-Win64\bin;C:\Program Files\apache-maven-3.9.0\bin;C:\ProgramData\chocolatey\bin;C:\Program Files\Git\cmd;C:\Program Files\TortoiseSVN\bin;C:\Program Files\PuTTY\;C:\Program Files\Docker\Docker\resources\bin;C:\Program Files\VisualSVN Server\bin;C:\Program Files\dotnet\;C:\Program Files\apache-ant-1.9.7\lib;D:\spring-3.1.2\bin;C:\Program Files\Calibre2\;C:\Program Files\PowerShell\7\;C:\Program Files\nodejs\;C:\Program Files\MySQL\MySQL Shell 8.0\bin\;C:\Users\Maxim\AppData\Local\Microsoft\WindowsApps;D:\Microsoft VS Code\bin;C:\Program Files\Java\jdk-17\bin;C:\Program Files\apache-maven-3.9.0\bin;C:\Program Files\apache-ant-1.9.7\bin;C:\Program Files\OpenSSL-Win64\bin;C:\Program Files\nodejs;D:\MongoDB\mongosh\;C:\Users\Maxim\AppData\Local\GitHubDesktop\bin;C:\Users\Maxim\AppData\Roaming\npm
PROCESSOR_LEVEL=6
NUMBER_OF_PROCESSORS=8
TMPDIR=C:\Users\Maxim\AppData\Local\Temp
PSModulePath=C:\Users\Maxim\Documents\WindowsPowerShell\Modules;C:\Program Files\WindowsPowerShell\Modules;C:\Windows\system32\WindowsPowerShell\v1.0\Modules;C:\Program Files\VisualSVN Server\PowerShellModules
PUBLIC=C:\Users\Public
CommonProgramFiles=C:\Program Files (x86)\Common Files
WT_SESSION=4ebf54d8-83d1-4dc1-927d-0c24d624c64b
WSLENV=WT_SESSION:WT_PROFILE_ID:
USERPROFILE=C:\Users\Maxim
PLINK_PROTOCOL=ssh
ProgramData=C:\ProgramData
ProgramFiles=C:\Program Files (x86)
ChocolateyInstall=C:\ProgramData\chocolatey
SPRING_HOME=D:\spring-3.1.2
ProgramW6432=C:\Program Files
VISUALSVN_SERVER=C:\Program Files\VisualSVN Server\
SESSIONNAME=Console
LC_CTYPE=C.UTF-8
CommonProgramW6432=C:\Program Files\Common Files
LOGONSERVER=\\DESKTOP-E8IS63M
GIT_EXEC_PATH=C:/Program Files/Git/mingw64/libexec/git-core
SystemRoot=C:\Windows
USERDOMAIN_ROAMINGPROFILE=DESKTOP-E8IS63M
APPDATA=C:\Users\Maxim\AppData\Roaming
HOMEDRIVE=C:
OneDriveCommercial=C:\Users\Maxim\OneDrive - Expleo Italia S.p.A
ANT_HOME=C:\Program Files\apache-ant-1.9.7
USERNAME=Maxim
PROCESSOR_ARCHITEW6432=AMD64
PROCESSOR_ARCHITECTURE=x86
OS=Windows_NT
ComSpec=C:\Windows\system32\cmd.exe
SystemDrive=C:
windir=C:\Windows
ALLUSERSPROFILE=C:\ProgramData


------------
Diagnostic: File system
Skipped: False
Success: True
Exception: None
Log:
Temporary directory is 'C:\Users\Maxim\AppData\Local\Temp\'...
Checking basic file I/O...
Writing to temporary file 'C:\Users\Maxim\AppData\Local\Temp\005b406ba510868af0cbd2a3'... OK
Reading from temporary file 'C:\Users\Maxim\AppData\Local\Temp\005b406ba510868af0cbd2a3'... OK
Deleting temporary file 'C:\Users\Maxim\AppData\Local\Temp\005b406ba510868af0cbd2a3'... OK
Testing IFileSystem instance...
UserHomePath: C:\Users\Maxim
UserDataDirectoryPath: C:\Users\Maxim\.gcm
GetCurrentDirectory(): D:\WS-MIO\aaBootJpaHibernate

------------
Diagnostic: Networking
Skipped: False
Success: True
Exception: None
Log:
Checking networking and HTTP stack...
Creating HTTP client... OK
IsNetworkAvailable: True
Sending HEAD request to http://example.com... OK
Sending HEAD request to https://example.com... OK
Acquiring free TCP port... OK
Testing local HTTP loopback connections...
Creating new HTTP listener for http://localhost:58887/... OK
Waiting for loopback connection... OK
Writing response... OK
Waiting for response data... OK
Loopback connection data OK

------------
Diagnostic: Git
Skipped: False
Success: True
Exception: None
Log:
Getting Git version... OK
Git version is '2.39.2.windows.1'
Locating current repository... OK
Git repository at 'D:/WS-MIO/aaBootJpaHibernate/.git'
Listing all Git configuration... OK
Git configuration:
file:C:/Program Files/Git/etc/gitconfig	diff.astextplain.textconv=astextplain
file:C:/Program Files/Git/etc/gitconfig	filter.lfs.clean=git-lfs clean -- %f
file:C:/Program Files/Git/etc/gitconfig	filter.lfs.smudge=git-lfs smudge -- %f
file:C:/Program Files/Git/etc/gitconfig	filter.lfs.process=git-lfs filter-process
file:C:/Program Files/Git/etc/gitconfig	filter.lfs.required=true
file:C:/Program Files/Git/etc/gitconfig	http.sslbackend=openssl
file:C:/Program Files/Git/etc/gitconfig	http.sslcainfo=C:/Program Files/Git/mingw64/ssl/certs/ca-bundle.crt
file:C:/Program Files/Git/etc/gitconfig	core.autocrlf=true
file:C:/Program Files/Git/etc/gitconfig	core.fscache=true
file:C:/Program Files/Git/etc/gitconfig	core.symlinks=false
file:C:/Program Files/Git/etc/gitconfig	pull.rebase=false
file:C:/Program Files/Git/etc/gitconfig	credential.helper=manager
file:C:/Program Files/Git/etc/gitconfig	credential.https://dev.azure.com.usehttppath=true
file:C:/Program Files/Git/etc/gitconfig	init.defaultbranch=master
file:C:/Users/Maxim/.gitconfig	user.name=maxprgita
file:C:/Users/Maxim/.gitconfig	user.email=mp.massimiliano@gmail.com
file:C:/Users/Maxim/.gitconfig	filesystem.Oracle Corporation|1.8.0_202|-1498701568.timestampresolution=1001 microseconds
file:C:/Users/Maxim/.gitconfig	filesystem.Oracle Corporation|1.8.0_202|-1498701568.minracythreshold=0 nanoseconds
file:C:/Users/Maxim/.gitconfig	filesystem.Oracle Corporation|1.8.0_202|-353060324.timestampresolution=1001 microseconds
file:C:/Users/Maxim/.gitconfig	filesystem.Oracle Corporation|1.8.0_202|-353060324.minracythreshold=0 nanoseconds
file:C:/Users/Maxim/.gitconfig	filter.lfs.clean=git-lfs clean -- %f
file:C:/Users/Maxim/.gitconfig	filter.lfs.smudge=git-lfs smudge -- %f
file:C:/Users/Maxim/.gitconfig	filter.lfs.process=git-lfs filter-process
file:C:/Users/Maxim/.gitconfig	filter.lfs.required=true
file:.git/config	core.repositoryformatversion=0
file:.git/config	core.filemode=false
file:.git/config	core.bare=false
file:.git/config	core.logallrefupdates=true
file:.git/config	core.symlinks=false
file:.git/config	core.ignorecase=true
file:.git/config	remote.origin.url=https://github.com/maxprgita/aaBootJpaHibernate.git
file:.git/config	remote.origin.fetch=+refs/heads/*:refs/remotes/origin/*
file:.git/config	lfs.repositoryformatversion=0


------------
Diagnostic: Credential storage
Skipped: False
Success: True
Exception: None
Log:
ICredentialStore instance is of type: CredentialStore
Writing test credential... OK
Reading test credential... OK
Deleting test credential... OK

------------
Diagnostic: Microsoft authentication (AAD/MSA)
Skipped: False
Success: True
Exception: None
Log:
Broker not supported.
Flow type is: Auto
Gathering MSAL token cache data... OK
CacheDirectory: C:\Users\Maxim\AppData\Local\.IdentityService
CacheFileName: msal.cache
CacheFilePath: C:\Users\Maxim\AppData\Local\.IdentityService\msal.cache
Creating cache helper... OK
Verifying MSAL token cache persistence... OK

------------
Diagnostic: GitHub API
Skipped: False
Success: True
Exception: None
Log:
Using 'https://github.com/' as API target.
Querying '/meta' endpoint... OK

